<?xml version="1.0" encoding="UTF-8"?>
<!-- Generated by org.testng.reporters.JUnitReportReporter -->
<testsuite skipped="0" hostname="DESKTOP-Q9I17PC" name="org.extendreport.ReportwithDataApache" tests="4" failures="0" timestamp="2023-03-17T01:18:45 IST" time="39.974" errors="0">
  <testcase name="Login" time="8.970" classname="org.extendreport.ReportwithDataApache"/>
  <system-out/>
  <testcase name="Login" time="9.268" classname="org.extendreport.ReportwithDataApache"/>
  <system-out/>
  <testcase name="Login" time="11.826" classname="org.extendreport.ReportwithDataApache"/>
  <system-out/>
  <testcase name="Login" time="9.910" classname="org.extendreport.ReportwithDataApache"/>
  <system-out/>
</testsuite> <!-- org.extendreport.ReportwithDataApache -->
