<?xml version="1.0" encoding="UTF-8"?>
<!-- Generated by org.testng.reporters.JUnitReportReporter -->
<testsuite skipped="0" hostname="DESKTOP-Q9I17PC" name="org.baseclassinterface.GoogleClass" tests="1" failures="0" timestamp="2023-03-18T23:35:27 IST" time="33.516" errors="0">
  <testcase name="search" time="33.516" classname="org.baseclassinterface.GoogleClass"/>
  <system-out/>
</testsuite> <!-- org.baseclassinterface.GoogleClass -->
