<?xml version="1.0" encoding="UTF-8"?>
<!-- Generated by org.testng.reporters.JUnitReportReporter -->
<testsuite skipped="0" hostname="DESKTOP-Q9I17PC" name="org.test.SimpleTestNg" tests="1" failures="0" timestamp="2023-03-13T19:59:43 IST" time="26.652" errors="0">
  <testcase name="main" time="26.652" classname="org.test.SimpleTestNg"/>
  <system-out/>
</testsuite> <!-- org.test.SimpleTestNg -->
