<?xml version="1.0" encoding="UTF-8"?>
<!-- Generated by org.testng.reporters.JUnitReportReporter -->
<testsuite skipped="0" hostname="DESKTOP-Q9I17PC" name="org.apachepoi.Data" tests="3" failures="0" timestamp="2023-03-16T18:57:57 IST" time="30.775" errors="0">
  <testcase name="Login" time="9.104" classname="org.apachepoi.Data"/>
  <system-out/>
  <testcase name="Login" time="8.322" classname="org.apachepoi.Data"/>
  <system-out/>
  <testcase name="Login" time="13.349" classname="org.apachepoi.Data"/>
  <system-out/>
</testsuite> <!-- org.apachepoi.Data -->
