<?xml version="1.0" encoding="UTF-8"?>
<!-- Generated by org.testng.reporters.JUnitReportReporter -->
<testsuite skipped="0" hostname="DESKTOP-Q9I17PC" name="org.pomframework.Facebook" tests="1" failures="0" timestamp="2023-03-21T11:56:08 IST" time="19.628" errors="0">
  <testcase name="loginFB" time="19.628" classname="org.pomframework.Facebook"/>
  <system-out/>
</testsuite> <!-- org.pomframework.Facebook -->
