<?xml version="1.0" encoding="UTF-8"?>
<!-- Generated by org.testng.reporters.JUnitReportReporter -->
<testsuite skipped="0" hostname="DESKTOP-Q9I17PC" name="org.pombookmyshow.BookMyShow" tests="1" failures="0" timestamp="2023-03-20T15:22:33 IST" time="33.557" errors="0">
  <testcase name="bookTicket" time="33.557" classname="org.pombookmyshow.BookMyShow"/>
  <system-out/>
</testsuite> <!-- org.pombookmyshow.BookMyShow -->
