<?xml version="1.0" encoding="UTF-8"?>
<!-- Generated by org.testng.reporters.JUnitReportReporter -->
<testsuite skipped="0" hostname="DESKTOP-Q9I17PC" name="org.testng.Parameters" tests="2" failures="0" timestamp="2023-03-12T01:17:34 IST" time="102.631" errors="0">
  <testcase name="Login" time="66.618" classname="org.testng.Parameters"/>
  <system-out/>
  <testcase name="Login" time="36.013" classname="org.testng.Parameters"/>
  <system-out/>
</testsuite> <!-- org.testng.Parameters -->
