<?xml version="1.0" encoding="UTF-8"?>
<!-- Generated by org.testng.reporters.JUnitReportReporter -->
<testsuite skipped="0" hostname="DESKTOP-Q9I17PC" name="org.pomframework.PomSubClass" tests="1" failures="0" timestamp="2023-03-14T18:05:25 IST" time="11.994" errors="0">
  <testcase name="facebookLogin" time="11.994" classname="org.pomframework.PomSubClass"/>
  <system-out/>
</testsuite> <!-- org.pomframework.PomSubClass -->
