<?xml version="1.0" encoding="UTF-8"?>
<!-- Generated by org.testng.reporters.JUnitReportReporter -->
<testsuite skipped="0" hostname="DESKTOP-Q9I17PC" name="org.testng.PomSubClass" tests="1" failures="0" timestamp="2023-03-14T13:42:46 IST" time="10.148" errors="0">
  <testcase name="facebookLogin" time="10.148" classname="org.testng.PomSubClass"/>
  <system-out/>
</testsuite> <!-- org.testng.PomSubClass -->
