<?xml version="1.0" encoding="UTF-8"?>
<!-- Generated by org.testng.reporters.JUnitReportReporter -->
<testsuite skipped="1" hostname="DESKTOP-Q9I17PC" name="org.datadrivenframework.ExcelReadJSX" tests="1" failures="0" timestamp="2023-03-16T13:23:45 IST" time="0.000" errors="0">
  <testcase name="Login" time="0.000" classname="org.datadrivenframework.ExcelReadJSX">
    <skipped/>
  </testcase> <!-- Login -->
  <system-out/>
</testsuite> <!-- org.datadrivenframework.ExcelReadJSX -->
