<?xml version="1.0" encoding="UTF-8"?>
<!-- Generated by org.testng.reporters.JUnitReportReporter -->
<testsuite skipped="1" hostname="DESKTOP-Q9I17PC" name="org.testng.TestNgAttributes" tests="5" failures="0" timestamp="2023-03-11T19:24:17 IST" time="0.031" errors="0">
  <testcase name="fifth" time="0.003" classname="org.testng.TestNgAttributes"/>
  <system-out/>
  <testcase name="firstTestCase" time="0.014" classname="org.testng.TestNgAttributes"/>
  <system-out/>
  <testcase name="fourthTestCase" time="0.004" classname="org.testng.TestNgAttributes"/>
  <system-out/>
  <testcase name="secondTestCase" time="0.010" classname="org.testng.TestNgAttributes"/>
  <system-out/>
  <testcase name="thirdTestase" classname="org.testng.TestNgAttributes">
    <skipped/>
  </testcase> <!-- thirdTestase -->
  <system-out/>
</testsuite> <!-- org.testng.TestNgAttributes -->
