<?xml version="1.0" encoding="UTF-8"?>
<!-- Generated by org.testng.reporters.JUnitReportReporter -->
<testsuite skipped="0" hostname="DESKTOP-Q9I17PC" name="org.testng.DataProvider" tests="3" failures="0" timestamp="2023-03-12T01:25:43 IST" time="49.336" errors="0">
  <testcase name="Login" time="20.619" classname="org.testng.DataProvider"/>
  <system-out/>
  <testcase name="Login" time="13.988" classname="org.testng.DataProvider"/>
  <system-out/>
  <testcase name="Login" time="14.729" classname="org.testng.DataProvider"/>
  <system-out/>
</testsuite> <!-- org.testng.DataProvider -->
