<?xml version="1.0" encoding="UTF-8"?>
<!-- Generated by org.testng.reporters.JUnitReportReporter -->
<testsuite skipped="0" hostname="DESKTOP-Q9I17PC" name="org.groupstestng.LearnGroups" tests="5" failures="0" timestamp="2023-03-30T23:02:09 IST" time="0.032" errors="0">
  <testcase name="serach" time="0.003" classname="org.groupstestng.LearnGroups"/>
  <system-out/>
  <testcase name="signUp" time="0.006" classname="org.groupstestng.LearnGroups"/>
  <system-out/>
  <testcase name="Logout" time="0.004" classname="org.groupstestng.LearnGroups"/>
  <system-out/>
  <testcase name="Addtocart" time="0.017" classname="org.groupstestng.LearnGroups"/>
  <system-out/>
  <testcase name="Login" time="0.002" classname="org.groupstestng.LearnGroups"/>
  <system-out/>
</testsuite> <!-- org.groupstestng.LearnGroups -->
