<?xml version="1.0" encoding="UTF-8"?>
<!-- Generated by org.testng.reporters.JUnitReportReporter -->
<testsuite skipped="0" hostname="DESKTOP-Q9I17PC" name="org.testng.TestAnnotations" tests="1" failures="0" timestamp="2023-03-11T19:07:14 IST" time="0.020" errors="0">
  <testcase name="serach" time="0.020" classname="org.testng.TestAnnotations"/>
  <system-out/>
</testsuite> <!-- org.testng.TestAnnotations -->
