<?xml version="1.0" encoding="UTF-8"?>
<!-- Generated by org.testng.reporters.JUnitReportReporter -->
<testsuite skipped="0" hostname="DESKTOP-Q9I17PC" name="org.testng.LearnGroups" tests="4" failures="0" timestamp="2023-03-12T17:31:29 IST" time="0.024" errors="0">
  <testcase name="Logout" time="0.005" classname="org.testng.LearnGroups"/>
  <system-out/>
  <testcase name="serach" time="0.004" classname="org.testng.LearnGroups"/>
  <system-out/>
  <testcase name="signUp" time="0.003" classname="org.testng.LearnGroups"/>
  <system-out/>
  <testcase name="Addtocart" time="0.012" classname="org.testng.LearnGroups"/>
  <system-out/>
</testsuite> <!-- org.testng.LearnGroups -->
