<?xml version="1.0" encoding="UTF-8"?>
<!-- Generated by org.testng.reporters.JUnitReportReporter -->
<testsuite skipped="0" hostname="DESKTOP-Q9I17PC" name="org.testng.ListenerTestng" tests="1" failures="0" timestamp="2023-03-12T16:27:41 IST" time="0.010" errors="0">
  <testcase name="main" time="0.010" classname="org.testng.ListenerTestng"/>
  <system-out/>
</testsuite> <!-- org.testng.ListenerTestng -->
