<?xml version="1.0" encoding="UTF-8"?>
<!-- Generated by org.testng.reporters.JUnitReportReporter -->
<testsuite skipped="0" hostname="DESKTOP-Q9I17PC" name="org.dataprovider.DataProvider" tests="3" failures="0" timestamp="2023-03-14T16:59:14 IST" time="101.036" errors="0">
  <testcase name="Login" time="65.090" classname="org.dataprovider.DataProvider"/>
  <system-out/>
  <testcase name="Login" time="19.233" classname="org.dataprovider.DataProvider"/>
  <system-out/>
  <testcase name="Login" time="16.713" classname="org.dataprovider.DataProvider"/>
  <system-out/>
</testsuite> <!-- org.dataprovider.DataProvider -->
