<?xml version="1.0" encoding="UTF-8"?>
<!-- Generated by org.testng.reporters.JUnitReportReporter -->
<testsuite skipped="0" hostname="DESKTOP-Q9I17PC" name="org.AnnotationsTestng.TestAnnotations" tests="1" failures="0" timestamp="2023-03-31T17:53:23 IST" time="0.012" errors="0">
  <testcase name="serach" time="0.012" classname="org.AnnotationsTestng.TestAnnotations"/>
  <system-out/>
</testsuite> <!-- org.AnnotationsTestng.TestAnnotations -->
