<?xml version="1.0" encoding="UTF-8"?>
<!-- Generated by org.testng.reporters.JUnitReportReporter -->
<testsuite skipped="0" hostname="DESKTOP-Q9I17PC" name="org.pomframeworkproject.FaceBookLogin" tests="4" failures="0" timestamp="2023-03-30T23:03:23 IST" time="33.995" errors="0">
  <testcase name="Login" time="6.124" classname="org.pomframeworkproject.FaceBookLogin"/>
  <system-out/>
  <testcase name="Login" time="9.725" classname="org.pomframeworkproject.FaceBookLogin"/>
  <system-out/>
  <testcase name="Login" time="11.848" classname="org.pomframeworkproject.FaceBookLogin"/>
  <system-out/>
  <testcase name="Login" time="6.298" classname="org.pomframeworkproject.FaceBookLogin"/>
  <system-out/>
</testsuite> <!-- org.pomframeworkproject.FaceBookLogin -->
