<?xml version="1.0" encoding="UTF-8"?>
<!-- Generated by org.testng.reporters.JUnitReportReporter -->
<testsuite skipped="0" hostname="DESKTOP-Q9I17PC" name="org.testng.FirstTestNg" tests="1" failures="0" timestamp="2023-03-12T19:17:52 IST" time="0.012" errors="0">
  <testcase name="firstTestCase" time="0.012" classname="org.testng.FirstTestNg"/>
  <system-out/>
</testsuite> <!-- org.testng.FirstTestNg -->
