<?xml version="1.0" encoding="UTF-8"?>
<!-- Generated by org.testng.reporters.JUnitReportReporter -->
<testsuite skipped="0" hostname="DESKTOP-Q9I17PC" name="org.stepdefinitions.StepDefinitions" tests="1" failures="0" timestamp="2023-03-21T17:11:33 IST" time="7.368" errors="0">
  <testcase name="user_is_entering_www_google_co_in" time="7.368" classname="org.stepdefinitions.StepDefinitions"/>
  <system-out/>
</testsuite> <!-- org.stepdefinitions.StepDefinitions -->
